# JRE version: Java(TM) SE Runtime Environment (8.0_11-b12) (build 1.8.0_11-b12)
# Java VM: Java HotSpot(TM) 64-Bit Server VM (25.11-b03 mixed mode bsd-amd64 compressed oops)
Heap:
 PSYoungGen      total 266752K, used 221945K [0x00000007aab00000, 0x00000007bfd80000, 0x00000007c0000000)
  eden space 199168K, 100% used [0x00000007aab00000,0x00000007b6d80000,0x00000007b6d80000)
  from space 67584K, 33% used [0x00000007b6d80000,0x00000007b83be4e8,0x00000007baf80000)
  to   space 65024K, 37% used [0x00000007bbe00000,0x00000007bd603930,0x00000007bfd80000)
 ParOldGen       total 484352K, used 221852K [0x0000000780000000, 0x000000079d900000, 0x00000007aab00000)
  object space 484352K, 45% used [0x0000000780000000,0x000000078d8a7138,0x000000079d900000)
 Metaspace       used 246305K, capacity 259664K, committed 261504K, reserved 1271808K
  class space    used 33453K, capacity 38509K, committed 39040K, reserved 1048576K
GC Heap History (10 events):
Event: 86676.553 GC heap after
Heap after GC invocations=449 (full 59):
 PSYoungGen      total 250368K, used 14643K [0x00000007aab00000, 0x00000007bed00000, 0x00000007c0000000)
  eden space 180224K, 0% used [0x00000007aab00000,0x00000007aab00000,0x00000007b5b00000)
  from space 70144K, 20% used [0x00000007ba880000,0x00000007bb6cce88,0x00000007bed00000)
  to   space 74752K, 0% used [0x00000007b5b00000,0x00000007b5b00000,0x00000007ba400000)
 ParOldGen       total 484352K, used 209735K [0x0000000780000000, 0x000000079d900000, 0x00000007aab00000)
  object space 484352K, 43% used [0x0000000780000000,0x000000078ccd1d30,0x000000079d900000)
 Metaspace       used 235305K, capacity 247212K, committed 250496K, reserved 1263616K
  class space    used 31761K, capacity 36271K, committed 37248K, reserved 1048576K
}
Event: 86680.979 GC heap before
{Heap before GC invocations=450 (full 59):
 PSYoungGen      total 250368K, used 194867K [0x00000007aab00000, 0x00000007bed00000, 0x00000007c0000000)
  eden space 180224K, 100% used [0x00000007aab00000,0x00000007b5b00000,0x00000007b5b00000)
  from space 70144K, 20% used [0x00000007ba880000,0x00000007bb6cce88,0x00000007bed00000)
  to   space 74752K, 0% used [0x00000007b5b00000,0x00000007b5b00000,0x00000007ba400000)
 ParOldGen       total 484352K, used 209735K [0x0000000780000000, 0x000000079d900000, 0x00000007aab00000)
  object space 484352K, 43% used [0x0000000780000000,0x000000078ccd1d30,0x000000079d900000)
 Metaspace       used 236628K, capacity 248874K, committed 251648K, reserved 1263616K
  class space    used 31995K, capacity 36606K, committed 37376K, reserved 1048576K
Event: 86681.118 GC heap after
Heap after GC invocations=450 (full 59):
 PSYoungGen      total 254976K, used 12928K [0x00000007aab00000, 0x00000007bf680000, 0x00000007c0000000)
  eden space 180224K, 0% used [0x00000007aab00000,0x00000007aab00000,0x00000007b5b00000)
  from space 74752K, 17% used [0x00000007b5b00000,0x00000007b67a0240,0x00000007ba400000)
  to   space 70144K, 0% used [0x00000007bb200000,0x00000007bb200000,0x00000007bf680000)
 ParOldGen       total 484352K, used 223295K [0x0000000780000000, 0x000000079d900000, 0x00000007aab00000)
  object space 484352K, 46% used [0x0000000780000000,0x000000078da0feb0,0x000000079d900000)
 Metaspace       used 236628K, capacity 248874K, committed 251648K, reserved 1263616K
  class space    used 31995K, capacity 36606K, committed 37376K, reserved 1048576K
}
Event: 86685.754 GC heap before
{Heap before GC invocations=451 (full 59):
 PSYoungGen      total 254976K, used 79507K [0x00000007aab00000, 0x00000007bf680000, 0x00000007c0000000)
  eden space 180224K, 36% used [0x00000007aab00000,0x00000007aec04c20,0x00000007b5b00000)
  from space 74752K, 17% used [0x00000007b5b00000,0x00000007b67a0240,0x00000007ba400000)
  to   space 70144K, 0% used [0x00000007bb200000,0x00000007bb200000,0x00000007bf680000)
 ParOldGen       total 484352K, used 223295K [0x0000000780000000, 0x000000079d900000, 0x00000007aab00000)
  object space 484352K, 46% used [0x0000000780000000,0x000000078da0feb0,0x000000079d900000)
 Metaspace       used 237391K, capacity 249692K, committed 252672K, reserved 1263616K
  class space    used 32119K, capacity 36772K, committed 37632K, reserved 1048576K
Event: 86685.791 GC heap after
Heap after GC invocations=451 (full 59):
 PSYoungGen      total 264192K, used 3015K [0x00000007aab00000, 0x00000007bf180000, 0x00000007c0000000)
  eden space 199168K, 0% used [0x00000007aab00000,0x00000007aab00000,0x00000007b6d80000)
  from space 65024K, 4% used [0x00000007bb200000,0x00000007bb4f1de0,0x00000007bf180000)
  to   space 67584K, 0% used [0x00000007b6d80000,0x00000007b6d80000,0x00000007baf80000)
 ParOldGen       total 484352K, used 234308K [0x0000000780000000, 0x000000079d900000, 0x00000007aab00000)
  object space 484352K, 48% used [0x0000000780000000,0x000000078e4d1038,0x000000079d900000)
 Metaspace       used 237391K, capacity 249692K, committed 252672K, reserved 1263616K
  class space    used 32119K, capacity 36772K, committed 37632K, reserved 1048576K
}
Event: 86685.791 GC heap before
{Heap before GC invocations=452 (full 60):
 PSYoungGen      total 264192K, used 3015K [0x00000007aab00000, 0x00000007bf180000, 0x00000007c0000000)
  eden space 199168K, 0% used [0x00000007aab00000,0x00000007aab00000,0x00000007b6d80000)
  from space 65024K, 4% used [0x00000007bb200000,0x00000007bb4f1de0,0x00000007bf180000)
  to   space 67584K, 0% used [0x00000007b6d80000,0x00000007b6d80000,0x00000007baf80000)
 ParOldGen       total 484352K, used 234308K [0x0000000780000000, 0x000000079d900000, 0x00000007aab00000)
  object space 484352K, 48% used [0x0000000780000000,0x000000078e4d1038,0x000000079d900000)
 Metaspace       used 237391K, capacity 249692K, committed 252672K, reserved 1263616K
  class space    used 32119K, capacity 36772K, committed 37632K, reserved 1048576K
Event: 86687.780 GC heap after
Heap after GC invocations=452 (full 60):
 PSYoungGen      total 264192K, used 0K [0x00000007aab00000, 0x00000007bf180000, 0x00000007c0000000)
  eden space 199168K, 0% used [0x00000007aab00000,0x00000007aab00000,0x00000007b6d80000)
  from space 65024K, 0% used [0x00000007bb200000,0x00000007bb200000,0x00000007bf180000)
  to   space 67584K, 0% used [0x00000007b6d80000,0x00000007b6d80000,0x00000007baf80000)
 ParOldGen       total 484352K, used 221852K [0x0000000780000000, 0x000000079d900000, 0x00000007aab00000)
  object space 484352K, 45% used [0x0000000780000000,0x000000078d8a7138,0x000000079d900000)
 Metaspace       used 237391K, capacity 249692K, committed 252672K, reserved 1263616K
  class space    used 32119K, capacity 36772K, committed 37632K, reserved 1048576K
}
Event: 86874.595 GC heap before
{Heap before GC invocations=453 (full 60):
 PSYoungGen      total 264192K, used 199168K [0x00000007aab00000, 0x00000007bf180000, 0x00000007c0000000)
  eden space 199168K, 100% used [0x00000007aab00000,0x00000007b6d80000,0x00000007b6d80000)
  from space 65024K, 0% used [0x00000007bb200000,0x00000007bb200000,0x00000007bf180000)
  to   space 67584K, 0% used [0x00000007b6d80000,0x00000007b6d80000,0x00000007baf80000)
 ParOldGen       total 484352K, used 221852K [0x0000000780000000, 0x000000079d900000, 0x00000007aab00000)
  object space 484352K, 45% used [0x0000000780000000,0x000000078d8a7138,0x000000079d900000)
 Metaspace       used 244444K, capacity 257278K, committed 259712K, reserved 1269760K
  class space    used 33157K, capacity 38035K, committed 38784K, reserved 1048576K
Event: 86874.720 GC heap after
Heap after GC invocations=453 (full 60):
 PSYoungGen      total 266752K, used 22777K [0x00000007aab00000, 0x00000007bfd80000, 0x00000007c0000000)
  eden space 199168K, 0% used [0x00000007aab00000,0x00000007aab00000,0x00000007b6d80000)
  from space 67584K, 33% used [0x00000007b6d80000,0x00000007b83be4e8,0x00000007baf80000)
  to   space 65024K, 0% used [0x00000007bbe00000,0x00000007bbe00000,0x00000007bfd80000)
 ParOldGen       total 484352K, used 221852K [0x0000000780000000, 0x000000079d900000, 0x00000007aab00000)
  object space 484352K, 45% used [0x0000000780000000,0x000000078d8a7138,0x000000079d900000)
 Metaspace       used 244444K, capacity 257278K, committed 259712K, reserved 1269760K
  class space    used 33157K, capacity 38035K, committed 38784K, reserved 1048576K
}
Event: 86877.508 GC heap before
{Heap before GC invocations=454 (full 60):
 PSYoungGen      total 266752K, used 221945K [0x00000007aab00000, 0x00000007bfd80000, 0x00000007c0000000)
  eden space 199168K, 100% used [0x00000007aab00000,0x00000007b6d80000,0x00000007b6d80000)
  from space 67584K, 33% used [0x00000007b6d80000,0x00000007b83be4e8,0x00000007baf80000)
  to   space 65024K, 0% used [0x00000007bbe00000,0x00000007bbe00000,0x00000007bfd80000)
 ParOldGen       total 484352K, used 221852K [0x0000000780000000, 0x000000079d900000, 0x00000007aab00000)
  object space 484352K, 45% used [0x0000000780000000,0x000000078d8a7138,0x000000079d900000)
 Metaspace       used 246305K, capacity 259664K, committed 261504K, reserved 1271808K
  class space    used 33453K, capacity 38509K, committed 39040K, reserved 1048576K

